已經開始建置於 2018/12/30 下午 01:56:32。
     1>節點 2 (Build 目標) 上的專案 "C:\C_code\Final Project2\Final Project2\Final Project2\Final Project2.vcxproj"。
     1>C:\Program Files (x86)\MSBuild\Microsoft.Cpp\v4.0\V120\Microsoft.CppBuild.targets(356,5): warning MSB8004: Intermediate Directory does not end with a trailing slash.  This build instance will add the slash as it is required to allow proper evaluation of the Intermediate Directory.
     1>C:\Program Files (x86)\MSBuild\Microsoft.Cpp\v4.0\V120\Microsoft.CppBuild.targets(357,5): warning MSB8004: Output Directory does not end with a trailing slash.  This build instance will add the slash as it is required to allow proper evaluation of the Output Directory.
     1>ClCompile:
         C:\Program Files (x86)\Microsoft Visual Studio 12.0\VC\bin\CL.exe /c /I"C:\C_code\Final Project2\include" /ZI /nologo /W3 /WX- /sdl /Od /Oy- /D _MBCS /Gm /EHsc /RTC1 /MDd /GS /fp:precise /Zc:wchar_t /Zc:forScope /Fo"..\..\temp\debug\\" /Fd"..\..\temp\debug\vc120.pdb" /Gd /TC /analyze- /errorReport:prompt ..\..\source\Main.c
         Main.c
     1>c:\c_code\final project2\source\main.c(26): warning C4244: '函式' : 將 'time_t' 轉換為 'unsigned int'，由於類型不同，可能導致資料遺失
     1>c:\c_code\final project2\source\main.c(41): warning C4047: '函式' : 'int *' 與 'int **' 間接取值的層級不同
     1>c:\c_code\final project2\source\main.c(41): warning C4024: 'rollDice' : 型式和實質參數 1 不同的類型
     1>c:\c_code\final project2\source\main.c(41): warning C4024: 'rollDice' : 型式和實質參數 2 不同的類型
     1>c:\c_code\final project2\source\main.c(41): warning C4024: 'rollDice' : 型式和實質參數 3 不同的類型
     1>c:\c_code\final project2\source\main.c(42): warning C4047: '函式' : 'int *' 與 'int **' 間接取值的層級不同
     1>c:\c_code\final project2\source\main.c(42): warning C4024: 'handle' : 型式和實質參數 1 不同的類型
     1>c:\c_code\final project2\source\main.c(42): warning C4024: 'handle' : 型式和實質參數 2 不同的類型
     1>c:\c_code\final project2\source\main.c(42): warning C4024: 'handle' : 型式和實質參數 3 不同的類型
     1>c:\c_code\final project2\source\main.c(42): warning C4024: 'handle' : 型式和實質參數 4 不同的類型
     1>c:\c_code\final project2\source\main.c(42): warning C4024: 'handle' : 型式和實質參數 5 不同的類型
     1>c:\c_code\final project2\source\main.c(50): warning C4047: '函式' : 'int' 與 'int *' 間接取值的層級不同
     1>c:\c_code\final project2\source\main.c(50): warning C4024: 'printDice' : 型式和實質參數 1 不同的類型
     1>c:\c_code\final project2\source\main.c(50): warning C4024: 'printDice' : 型式和實質參數 2 不同的類型
     1>c:\c_code\final project2\source\main.c(50): warning C4024: 'printDice' : 型式和實質參數 3 不同的類型
     1>c:\c_code\final project2\source\main.c(73): warning C4047: '函式' : 'int *' 與 'int **' 間接取值的層級不同
     1>c:\c_code\final project2\source\main.c(73): warning C4024: 'rollDice' : 型式和實質參數 1 不同的類型
     1>c:\c_code\final project2\source\main.c(73): warning C4024: 'rollDice' : 型式和實質參數 2 不同的類型
     1>c:\c_code\final project2\source\main.c(73): warning C4024: 'rollDice' : 型式和實質參數 3 不同的類型
     1>c:\c_code\final project2\source\main.c(74): warning C4047: '函式' : 'int *' 與 'int **' 間接取值的層級不同
     1>c:\c_code\final project2\source\main.c(74): warning C4024: 'handle' : 型式和實質參數 1 不同的類型
     1>c:\c_code\final project2\source\main.c(74): warning C4024: 'handle' : 型式和實質參數 2 不同的類型
     1>c:\c_code\final project2\source\main.c(74): warning C4024: 'handle' : 型式和實質參數 3 不同的類型
     1>c:\c_code\final project2\source\main.c(74): warning C4024: 'handle' : 型式和實質參數 4 不同的類型
     1>c:\c_code\final project2\source\main.c(74): warning C4024: 'handle' : 型式和實質參數 5 不同的類型
     1>c:\c_code\final project2\source\main.c(82): warning C4047: '函式' : 'int' 與 'int *' 間接取值的層級不同
     1>c:\c_code\final project2\source\main.c(82): warning C4024: 'printDice' : 型式和實質參數 1 不同的類型
     1>c:\c_code\final project2\source\main.c(82): warning C4024: 'printDice' : 型式和實質參數 2 不同的類型
     1>c:\c_code\final project2\source\main.c(82): warning C4024: 'printDice' : 型式和實質參數 3 不同的類型
     1>c:\c_code\final project2\source\main.c(87): warning C4047: '函式' : 'int *' 與 'int **' 間接取值的層級不同
     1>c:\c_code\final project2\source\main.c(87): warning C4024: 'judgeWinLose' : 型式和實質參數 1 不同的類型
     1>c:\c_code\final project2\source\main.c(87): warning C4024: 'judgeWinLose' : 型式和實質參數 2 不同的類型
     1>c:\c_code\final project2\source\main.c(87): warning C4024: 'judgeWinLose' : 型式和實質參數 3 不同的類型
     1>c:\c_code\final project2\source\main.c(89): warning C4047: '==' : 'int *' 與 'int' 間接取值的層級不同
     1>c:\c_code\final project2\source\main.c(98): warning C4047: '==' : 'int *' 與 'int' 間接取值的層級不同
     1>c:\c_code\final project2\source\main.c(116): warning C4013: 'getch' 未定義; 假設 extern 傳回整數
     1>c:\c_code\final project2\source\main.c(160): warning C4244: '=' : 將 'float' 轉換為 'int'，由於類型不同，可能導致資料遺失
       Link:
         C:\Program Files (x86)\Microsoft Visual Studio 12.0\VC\bin\link.exe /ERRORREPORT:PROMPT /OUT:"..\..\temp\debug\Final Project2.exe" /INCREMENTAL /NOLOGO kernel32.lib user32.lib gdi32.lib winspool.lib comdlg32.lib advapi32.lib shell32.lib ole32.lib oleaut32.lib uuid.lib odbc32.lib odbccp32.lib /MANIFEST /MANIFESTUAC:"level='asInvoker' uiAccess='false'" /manifest:embed /DEBUG /PDB:"..\..\temp\debug\Final Project2.pdb" /TLBID:1 /DYNAMICBASE /NXCOMPAT /IMPLIB:"..\..\temp\debug\Final Project2.lib" /MACHINE:X86 ..\..\temp\debug\Main.obj
         Final Project2.vcxproj -> C:\C_code\Final Project2\Final Project2\Final Project2\..\..\temp\debug\Final Project2.exe
     1>專案 "C:\C_code\Final Project2\Final Project2\Final Project2\Final Project2.vcxproj" (Build 目標) 建置完成。

建置成功。

經過時間 00:00:00.80
